# JRE version: OpenJDK Runtime Environment (8.0_152-b02) (build 1.8.0_152-release-1024-b02)
# Java VM: OpenJDK 64-Bit Server VM (25.152-b02 mixed mode windows-amd64 compressed oops)
Heap:
 PSYoungGen      total 407040K, used 217221K [0x00000000e0000000, 0x00000000fd000000, 0x0000000100000000)
  eden space 388096K, 55% used [0x00000000e0000000,0x00000000ed1283f0,0x00000000f7b00000)
  from space 18944K, 16% used [0x00000000f9180000,0x00000000f9479190,0x00000000fa400000)
  to   space 23040K, 0% used [0x00000000f7b00000,0x00000000f7b00000,0x00000000f9180000)
 ParOldGen       total 175616K, used 55006K [0x00000000a0000000, 0x00000000aab80000, 0x00000000e0000000)
  object space 175616K, 31% used [0x00000000a0000000,0x00000000a35b78a0,0x00000000aab80000)
 Metaspace       used 74399K, capacity 77202K, committed 78464K, reserved 1118208K
  class space    used 9721K, capacity 10312K, committed 10624K, reserved 1048576K
GC Heap History (10 events):
Event: 42.749 GC heap before
{Heap before GC invocations=30 (full 4):
 PSYoungGen      total 353280K, used 7329K [0x00000000e0000000, 0x00000000f7300000, 0x0000000100000000)
  eden space 328704K, 0% used [0x00000000e0000000,0x00000000e0000000,0x00000000f4100000)
  from space 24576K, 29% used [0x00000000f5b00000,0x00000000f62285e8,0x00000000f7300000)
  to   space 25600K, 0% used [0x00000000f4100000,0x00000000f4100000,0x00000000f5a00000)
 ParOldGen       total 129536K, used 121571K [0x00000000a0000000, 0x00000000a7e80000, 0x00000000e0000000)
  object space 129536K, 93% used [0x00000000a0000000,0x00000000a76b8d20,0x00000000a7e80000)
 Metaspace       used 74481K, capacity 78056K, committed 78208K, reserved 1116160K
  class space    used 9886K, capacity 10609K, committed 10624K, reserved 1048576K
Event: 43.258 GC heap after
Heap after GC invocations=30 (full 4):
 PSYoungGen      total 353280K, used 0K [0x00000000e0000000, 0x00000000f7300000, 0x0000000100000000)
  eden space 328704K, 0% used [0x00000000e0000000,0x00000000e0000000,0x00000000f4100000)
  from space 24576K, 0% used [0x00000000f5b00000,0x00000000f5b00000,0x00000000f7300000)
  to   space 25600K, 0% used [0x00000000f4100000,0x00000000f4100000,0x00000000f5a00000)
 ParOldGen       total 175616K, used 51473K [0x00000000a0000000, 0x00000000aab80000, 0x00000000e0000000)
  object space 175616K, 29% used [0x00000000a0000000,0x00000000a32447e0,0x00000000aab80000)
 Metaspace       used 73969K, capacity 76786K, committed 78208K, reserved 1116160K
  class space    used 9706K, capacity 10298K, committed 10624K, reserved 1048576K
}
Event: 44.048 GC heap before
{Heap before GC invocations=31 (full 4):
 PSYoungGen      total 353280K, used 328704K [0x00000000e0000000, 0x00000000f7300000, 0x0000000100000000)
  eden space 328704K, 100% used [0x00000000e0000000,0x00000000f4100000,0x00000000f4100000)
  from space 24576K, 0% used [0x00000000f5b00000,0x00000000f5b00000,0x00000000f7300000)
  to   space 25600K, 0% used [0x00000000f4100000,0x00000000f4100000,0x00000000f5a00000)
 ParOldGen       total 175616K, used 51473K [0x00000000a0000000, 0x00000000aab80000, 0x00000000e0000000)
  object space 175616K, 29% used [0x00000000a0000000,0x00000000a32447e0,0x00000000aab80000)
 Metaspace       used 73998K, capacity 76802K, committed 78208K, reserved 1116160K
  class space    used 9707K, capacity 10298K, committed 10624K, reserved 1048576K
Event: 44.081 GC heap after
Heap after GC invocations=31 (full 4):
 PSYoungGen      total 354304K, used 8280K [0x00000000e0000000, 0x00000000fa980000, 0x0000000100000000)
  eden space 328704K, 0% used [0x00000000e0000000,0x00000000e0000000,0x00000000f4100000)
  from space 25600K, 32% used [0x00000000f4100000,0x00000000f4916078,0x00000000f5a00000)
  to   space 24576K, 0% used [0x00000000f9180000,0x00000000f9180000,0x00000000fa980000)
 ParOldGen       total 175616K, used 51481K [0x00000000a0000000, 0x00000000aab80000, 0x00000000e0000000)
  object space 175616K, 29% used [0x00000000a0000000,0x00000000a32467e0,0x00000000aab80000)
 Metaspace       used 73998K, capacity 76802K, committed 78208K, reserved 1116160K
  class space    used 9707K, capacity 10298K, committed 10624K, reserved 1048576K
}
Event: 46.361 GC heap before
{Heap before GC invocations=32 (full 4):
 PSYoungGen      total 354304K, used 336984K [0x00000000e0000000, 0x00000000fa980000, 0x0000000100000000)
  eden space 328704K, 100% used [0x00000000e0000000,0x00000000f4100000,0x00000000f4100000)
  from space 25600K, 32% used [0x00000000f4100000,0x00000000f4916078,0x00000000f5a00000)
  to   space 24576K, 0% used [0x00000000f9180000,0x00000000f9180000,0x00000000fa980000)
 ParOldGen       total 175616K, used 51481K [0x00000000a0000000, 0x00000000aab80000, 0x00000000e0000000)
  object space 175616K, 29% used [0x00000000a0000000,0x00000000a32467e0,0x00000000aab80000)
 Metaspace       used 74055K, capacity 76876K, committed 78208K, reserved 1116160K
  class space    used 9707K, capacity 10299K, committed 10624K, reserved 1048576K
Event: 46.371 GC heap after
Heap after GC invocations=32 (full 4):
 PSYoungGen      total 399872K, used 5094K [0x00000000e0000000, 0x00000000fa400000, 0x0000000100000000)
  eden space 380928K, 0% used [0x00000000e0000000,0x00000000e0000000,0x00000000f7400000)
  from space 18944K, 26% used [0x00000000f9180000,0x00000000f9679a40,0x00000000fa400000)
  to   space 24576K, 0% used [0x00000000f7400000,0x00000000f7400000,0x00000000f8c00000)
 ParOldGen       total 175616K, used 54238K [0x00000000a0000000, 0x00000000aab80000, 0x00000000e0000000)
  object space 175616K, 30% used [0x00000000a0000000,0x00000000a34f78d0,0x00000000aab80000)
 Metaspace       used 74055K, capacity 76876K, committed 78208K, reserved 1116160K
  class space    used 9707K, capacity 10299K, committed 10624K, reserved 1048576K
}
Event: 48.353 GC heap before
{Heap before GC invocations=33 (full 4):
 PSYoungGen      total 399872K, used 386022K [0x00000000e0000000, 0x00000000fa400000, 0x0000000100000000)
  eden space 380928K, 100% used [0x00000000e0000000,0x00000000f7400000,0x00000000f7400000)
  from space 18944K, 26% used [0x00000000f9180000,0x00000000f9679a40,0x00000000fa400000)
  to   space 24576K, 0% used [0x00000000f7400000,0x00000000f7400000,0x00000000f8c00000)
 ParOldGen       total 175616K, used 54238K [0x00000000a0000000, 0x00000000aab80000, 0x00000000e0000000)
  object space 175616K, 30% used [0x00000000a0000000,0x00000000a34f78d0,0x00000000aab80000)
 Metaspace       used 74100K, capacity 76946K, committed 78208K, reserved 1116160K
  class space    used 9708K, capacity 10300K, committed 10624K, reserved 1048576K
Event: 48.365 GC heap after
Heap after GC invocations=33 (full 4):
 PSYoungGen      total 405504K, used 10234K [0x00000000e0000000, 0x00000000fa400000, 0x0000000100000000)
  eden space 380928K, 0% used [0x00000000e0000000,0x00000000e0000000,0x00000000f7400000)
  from space 24576K, 41% used [0x00000000f7400000,0x00000000f7dfe918,0x00000000f8c00000)
  to   space 18944K, 0% used [0x00000000f9180000,0x00000000f9180000,0x00000000fa400000)
 ParOldGen       total 175616K, used 54998K [0x00000000a0000000, 0x00000000aab80000, 0x00000000e0000000)
  object space 175616K, 31% used [0x00000000a0000000,0x00000000a35b58a0,0x00000000aab80000)
 Metaspace       used 74100K, capacity 76946K, committed 78208K, reserved 1116160K
  class space    used 9708K, capacity 10300K, committed 10624K, reserved 1048576K
}
Event: 50.104 GC heap before
{Heap before GC invocations=34 (full 4):
 PSYoungGen      total 405504K, used 391162K [0x00000000e0000000, 0x00000000fa400000, 0x0000000100000000)
  eden space 380928K, 100% used [0x00000000e0000000,0x00000000f7400000,0x00000000f7400000)
  from space 24576K, 41% used [0x00000000f7400000,0x00000000f7dfe918,0x00000000f8c00000)
  to   space 18944K, 0% used [0x00000000f9180000,0x00000000f9180000,0x00000000fa400000)
 ParOldGen       total 175616K, used 54998K [0x00000000a0000000, 0x00000000aab80000, 0x00000000e0000000)
  object space 175616K, 31% used [0x00000000a0000000,0x00000000a35b58a0,0x00000000aab80000)
 Metaspace       used 74157K, capacity 77018K, committed 78464K, reserved 1118208K
  class space    used 9709K, capacity 10302K, committed 10624K, reserved 1048576K
Event: 50.110 GC heap after
Heap after GC invocations=34 (full 4):
 PSYoungGen      total 407040K, used 3044K [0x00000000e0000000, 0x00000000fd000000, 0x0000000100000000)
  eden space 388096K, 0% used [0x00000000e0000000,0x00000000e0000000,0x00000000f7b00000)
  from space 18944K, 16% used [0x00000000f9180000,0x00000000f9479190,0x00000000fa400000)
  to   space 23040K, 0% used [0x00000000f7b00000,0x00000000f7b00000,0x00000000f9180000)
 ParOldGen       total 175616K, used 55006K [0x00000000a0000000, 0x00000000aab80000, 0x00000000e0000000)
  object space 175616K, 31% used [0x00000000a0000000,0x00000000a35b78a0,0x00000000aab80000)
 Metaspace       used 74157K, capacity 77018K, committed 78464K, reserved 1118208K
  class space    used 9709K, capacity 10302K, committed 10624K, reserved 1048576K
}

